{"/Users/satotsubasa/OnlineBookstore/StockManagement/src/Domain/models/Book/BookId/BookId.ts": {"path":"/Users/satotsubasa/OnlineBookstore/StockManagement/src/Domain/models/Book/BookId/BookId.ts","statementMap":{"0":{"start":{"line":1,"column":0},"end":{"line":1,"column":33}},"1":{"start":{"line":5,"column":24},"end":{"line":5,"column":26}},"2":{"start":{"line":6,"column":24},"end":{"line":6,"column":26}},"3":{"start":{"line":8,"column":25},"end":{"line":8,"column":39}},"4":{"start":{"line":10,"column":8},"end":{"line":10,"column":30}},"5":{"start":{"line":14,"column":8},"end":{"line":16,"column":9}},"6":{"start":{"line":15,"column":12},"end":{"line":15,"column":45}},"7":{"start":{"line":18,"column":8},"end":{"line":20,"column":9}},"8":{"start":{"line":19,"column":12},"end":{"line":19,"column":44}},"9":{"start":{"line":26,"column":8},"end":{"line":26,"column":36}},"10":{"start":{"line":32,"column":8},"end":{"line":32,"column":64}},"11":{"start":{"line":36,"column":8},"end":{"line":36,"column":50}},"12":{"start":{"line":40,"column":8},"end":{"line":40,"column":27}},"13":{"start":{"line":45,"column":8},"end":{"line":59,"column":9}},"14":{"start":{"line":46,"column":36},"end":{"line":46,"column":63}},"15":{"start":{"line":47,"column":40},"end":{"line":47,"column":67}},"16":{"start":{"line":48,"column":29},"end":{"line":48,"column":56}},"17":{"start":{"line":49,"column":29},"end":{"line":49,"column":53}},"18":{"start":{"line":50,"column":12},"end":{"line":50,"column":91}},"19":{"start":{"line":53,"column":31},"end":{"line":53,"column":58}},"20":{"start":{"line":54,"column":36},"end":{"line":54,"column":63}},"21":{"start":{"line":55,"column":34},"end":{"line":55,"column":61}},"22":{"start":{"line":56,"column":29},"end":{"line":56,"column":57}},"23":{"start":{"line":57,"column":29},"end":{"line":57,"column":54}},"24":{"start":{"line":58,"column":12},"end":{"line":58,"column":99}},"25":{"start":{"line":3,"column":0},"end":{"line":3,"column":13}}},"fnMap":{"0":{"name":"(anonymous_0)","decl":{"start":{"line":7,"column":4},"end":{"line":7,"column":null}},"loc":{"start":{"line":8,"column":39},"end":{"line":11,"column":5}}},"1":{"name":"(anonymous_1)","decl":{"start":{"line":13,"column":12},"end":{"line":13,"column":20}},"loc":{"start":{"line":13,"column":33},"end":{"line":21,"column":5}}},"2":{"name":"(anonymous_2)","decl":{"start":{"line":23,"column":12},"end":{"line":23,"column":25}},"loc":{"start":{"line":23,"column":40},"end":{"line":27,"column":5}}},"3":{"name":"(anonymous_3)","decl":{"start":{"line":29,"column":12},"end":{"line":29,"column":25}},"loc":{"start":{"line":29,"column":40},"end":{"line":33,"column":5}}},"4":{"name":"(anonymous_4)","decl":{"start":{"line":35,"column":4},"end":{"line":35,"column":10}},"loc":{"start":{"line":35,"column":24},"end":{"line":37,"column":5}}},"5":{"name":"(anonymous_5)","decl":{"start":{"line":39,"column":4},"end":{"line":39,"column":12}},"loc":{"start":{"line":39,"column":12},"end":{"line":41,"column":5}}},"6":{"name":"(anonymous_6)","decl":{"start":{"line":43,"column":4},"end":{"line":43,"column":10}},"loc":{"start":{"line":43,"column":10},"end":{"line":60,"column":5}}}},"branchMap":{"0":{"loc":{"start":{"line":14,"column":8},"end":{"line":16,"column":9}},"type":"if","locations":[{"start":{"line":14,"column":8},"end":{"line":16,"column":9}}]},"1":{"loc":{"start":{"line":14,"column":12},"end":{"line":14,"column":78}},"type":"binary-expr","locations":[{"start":{"line":14,"column":12},"end":{"line":14,"column":43}},{"start":{"line":14,"column":47},"end":{"line":14,"column":78}}]},"2":{"loc":{"start":{"line":18,"column":8},"end":{"line":20,"column":9}},"type":"if","locations":[{"start":{"line":18,"column":8},"end":{"line":20,"column":9}}]},"3":{"loc":{"start":{"line":18,"column":12},"end":{"line":18,"column":66}},"type":"binary-expr","locations":[{"start":{"line":18,"column":12},"end":{"line":18,"column":37}},{"start":{"line":18,"column":41},"end":{"line":18,"column":66}}]},"4":{"loc":{"start":{"line":32,"column":15},"end":{"line":32,"column":63}},"type":"binary-expr","locations":[{"start":{"line":32,"column":15},"end":{"line":32,"column":39}},{"start":{"line":32,"column":43},"end":{"line":32,"column":63}}]},"5":{"loc":{"start":{"line":45,"column":8},"end":{"line":59,"column":9}},"type":"if","locations":[{"start":{"line":45,"column":8},"end":{"line":59,"column":9}},{"start":{"line":51,"column":15},"end":{"line":59,"column":9}}]}},"s":{"0":1,"1":1,"2":1,"3":10,"4":10,"5":10,"6":2,"7":8,"8":1,"9":8,"10":6,"11":2,"12":2,"13":2,"14":1,"15":1,"16":1,"17":1,"18":1,"19":1,"20":1,"21":1,"22":1,"23":1,"24":1,"25":1},"f":{"0":10,"1":10,"2":8,"3":6,"4":2,"5":2,"6":2},"b":{"0":[2],"1":[10,9],"2":[1],"3":[8,6],"4":[6,5],"5":[1,1]}}
}
