{"/Users/satotsubasa/OnlineBookstore/StockManagement/src/Domain/models/Book/BookId/BookId.ts": {"path":"/Users/satotsubasa/OnlineBookstore/StockManagement/src/Domain/models/Book/BookId/BookId.ts","statementMap":{"0":{"start":{"line":1,"column":0},"end":{"line":1,"column":63}},"1":{"start":{"line":5,"column":24},"end":{"line":5,"column":26}},"2":{"start":{"line":6,"column":24},"end":{"line":6,"column":26}},"3":{"start":{"line":9,"column":8},"end":{"line":9,"column":21}},"4":{"start":{"line":13,"column":8},"end":{"line":15,"column":9}},"5":{"start":{"line":14,"column":12},"end":{"line":14,"column":45}},"6":{"start":{"line":17,"column":8},"end":{"line":19,"column":9}},"7":{"start":{"line":18,"column":12},"end":{"line":18,"column":44}},"8":{"start":{"line":25,"column":8},"end":{"line":25,"column":36}},"9":{"start":{"line":31,"column":8},"end":{"line":31,"column":64}},"10":{"start":{"line":35,"column":8},"end":{"line":35,"column":27}},"11":{"start":{"line":40,"column":8},"end":{"line":54,"column":9}},"12":{"start":{"line":41,"column":36},"end":{"line":41,"column":63}},"13":{"start":{"line":42,"column":40},"end":{"line":42,"column":67}},"14":{"start":{"line":43,"column":29},"end":{"line":43,"column":56}},"15":{"start":{"line":44,"column":29},"end":{"line":44,"column":53}},"16":{"start":{"line":45,"column":12},"end":{"line":45,"column":91}},"17":{"start":{"line":48,"column":31},"end":{"line":48,"column":58}},"18":{"start":{"line":49,"column":36},"end":{"line":49,"column":63}},"19":{"start":{"line":50,"column":34},"end":{"line":50,"column":61}},"20":{"start":{"line":51,"column":29},"end":{"line":51,"column":57}},"21":{"start":{"line":52,"column":29},"end":{"line":52,"column":54}},"22":{"start":{"line":53,"column":12},"end":{"line":53,"column":99}},"23":{"start":{"line":3,"column":0},"end":{"line":3,"column":13}}},"fnMap":{"0":{"name":"(anonymous_0)","decl":{"start":{"line":8,"column":4},"end":{"line":8,"column":16}},"loc":{"start":{"line":8,"column":29},"end":{"line":10,"column":5}}},"1":{"name":"(anonymous_1)","decl":{"start":{"line":12,"column":14},"end":{"line":12,"column":22}},"loc":{"start":{"line":12,"column":35},"end":{"line":20,"column":5}}},"2":{"name":"(anonymous_2)","decl":{"start":{"line":22,"column":12},"end":{"line":22,"column":25}},"loc":{"start":{"line":22,"column":40},"end":{"line":26,"column":5}}},"3":{"name":"(anonymous_3)","decl":{"start":{"line":28,"column":12},"end":{"line":28,"column":25}},"loc":{"start":{"line":28,"column":40},"end":{"line":32,"column":5}}},"4":{"name":"(anonymous_4)","decl":{"start":{"line":34,"column":4},"end":{"line":34,"column":12}},"loc":{"start":{"line":34,"column":12},"end":{"line":36,"column":5}}},"5":{"name":"(anonymous_5)","decl":{"start":{"line":38,"column":4},"end":{"line":38,"column":10}},"loc":{"start":{"line":38,"column":10},"end":{"line":55,"column":5}}}},"branchMap":{"0":{"loc":{"start":{"line":13,"column":8},"end":{"line":15,"column":9}},"type":"if","locations":[{"start":{"line":13,"column":8},"end":{"line":15,"column":9}}]},"1":{"loc":{"start":{"line":13,"column":12},"end":{"line":13,"column":78}},"type":"binary-expr","locations":[{"start":{"line":13,"column":12},"end":{"line":13,"column":43}},{"start":{"line":13,"column":47},"end":{"line":13,"column":78}}]},"2":{"loc":{"start":{"line":17,"column":8},"end":{"line":19,"column":9}},"type":"if","locations":[{"start":{"line":17,"column":8},"end":{"line":19,"column":9}}]},"3":{"loc":{"start":{"line":17,"column":12},"end":{"line":17,"column":66}},"type":"binary-expr","locations":[{"start":{"line":17,"column":12},"end":{"line":17,"column":37}},{"start":{"line":17,"column":41},"end":{"line":17,"column":66}}]},"4":{"loc":{"start":{"line":31,"column":15},"end":{"line":31,"column":63}},"type":"binary-expr","locations":[{"start":{"line":31,"column":15},"end":{"line":31,"column":39}},{"start":{"line":31,"column":43},"end":{"line":31,"column":63}}]},"5":{"loc":{"start":{"line":40,"column":8},"end":{"line":54,"column":9}},"type":"if","locations":[{"start":{"line":40,"column":8},"end":{"line":54,"column":9}},{"start":{"line":46,"column":15},"end":{"line":54,"column":9}}]}},"s":{"0":1,"1":1,"2":1,"3":10,"4":10,"5":2,"6":8,"7":1,"8":8,"9":6,"10":2,"11":2,"12":1,"13":1,"14":1,"15":1,"16":1,"17":1,"18":1,"19":1,"20":1,"21":1,"22":1,"23":1},"f":{"0":10,"1":10,"2":8,"3":6,"4":2,"5":2},"b":{"0":[2],"1":[10,9],"2":[1],"3":[8,6],"4":[6,5],"5":[1,1]}}
,"/Users/satotsubasa/OnlineBookstore/StockManagement/src/Domain/models/Price/Price.ts": {"path":"/Users/satotsubasa/OnlineBookstore/StockManagement/src/Domain/models/Price/Price.ts","statementMap":{"0":{"start":{"line":1,"column":0},"end":{"line":1,"column":52}},"1":{"start":{"line":9,"column":26},"end":{"line":9,"column":33}},"2":{"start":{"line":10,"column":26},"end":{"line":10,"column":27}},"3":{"start":{"line":13,"column":8},"end":{"line":13,"column":21}},"4":{"start":{"line":17,"column":8},"end":{"line":19,"column":9}},"5":{"start":{"line":18,"column":12},"end":{"line":18,"column":46}},"6":{"start":{"line":21,"column":8},"end":{"line":23,"column":9}},"7":{"start":{"line":22,"column":12},"end":{"line":22,"column":76}},"8":{"start":{"line":27,"column":8},"end":{"line":27,"column":34}},"9":{"start":{"line":31,"column":8},"end":{"line":31,"column":36}},"10":{"start":{"line":8,"column":0},"end":{"line":8,"column":13}}},"fnMap":{"0":{"name":"(anonymous_0)","decl":{"start":{"line":12,"column":4},"end":{"line":12,"column":16}},"loc":{"start":{"line":12,"column":33},"end":{"line":14,"column":5}}},"1":{"name":"(anonymous_1)","decl":{"start":{"line":16,"column":14},"end":{"line":16,"column":22}},"loc":{"start":{"line":16,"column":40},"end":{"line":24,"column":5}}},"2":{"name":"(anonymous_2)","decl":{"start":{"line":26,"column":4},"end":{"line":26,"column":13}},"loc":{"start":{"line":26,"column":13},"end":{"line":28,"column":5}}},"3":{"name":"(anonymous_3)","decl":{"start":{"line":30,"column":4},"end":{"line":30,"column":15}},"loc":{"start":{"line":30,"column":15},"end":{"line":32,"column":5}}}},"branchMap":{"0":{"loc":{"start":{"line":17,"column":8},"end":{"line":19,"column":9}},"type":"if","locations":[{"start":{"line":17,"column":8},"end":{"line":19,"column":9}}]},"1":{"loc":{"start":{"line":21,"column":8},"end":{"line":23,"column":9}},"type":"if","locations":[{"start":{"line":21,"column":8},"end":{"line":23,"column":9}}]},"2":{"loc":{"start":{"line":21,"column":12},"end":{"line":21,"column":64}},"type":"binary-expr","locations":[{"start":{"line":21,"column":12},"end":{"line":21,"column":36}},{"start":{"line":21,"column":40},"end":{"line":21,"column":64}}]}},"s":{"0":1,"1":1,"2":1,"3":3,"4":3,"5":0,"6":3,"7":2,"8":1,"9":1,"10":1},"f":{"0":3,"1":3,"2":1,"3":1},"b":{"0":[0],"1":[2],"2":[3,2]}}
,"/Users/satotsubasa/OnlineBookstore/StockManagement/src/Domain/models/shared/ValueObject.ts": {"path":"/Users/satotsubasa/OnlineBookstore/StockManagement/src/Domain/models/shared/ValueObject.ts","statementMap":{"0":{"start":{"line":1,"column":0},"end":{"line":1,"column":33}},"1":{"start":{"line":8,"column":8},"end":{"line":8,"column":29}},"2":{"start":{"line":9,"column":8},"end":{"line":9,"column":28}},"3":{"start":{"line":15,"column":8},"end":{"line":15,"column":27}},"4":{"start":{"line":19,"column":8},"end":{"line":19,"column":50}},"5":{"start":{"line":3,"column":0},"end":{"line":3,"column":22}}},"fnMap":{"0":{"name":"(anonymous_0)","decl":{"start":{"line":7,"column":4},"end":{"line":7,"column":16}},"loc":{"start":{"line":7,"column":24},"end":{"line":10,"column":5}}},"1":{"name":"(anonymous_1)","decl":{"start":{"line":14,"column":4},"end":{"line":14,"column":8}},"loc":{"start":{"line":14,"column":13},"end":{"line":16,"column":5}}},"2":{"name":"(anonymous_2)","decl":{"start":{"line":18,"column":4},"end":{"line":18,"column":10}},"loc":{"start":{"line":18,"column":35},"end":{"line":20,"column":5}}}},"branchMap":{},"s":{"0":2,"1":13,"2":8,"3":0,"4":2,"5":2},"f":{"0":13,"1":0,"2":2},"b":{}}
}
