TN:
SF:src/Domain/models/Book/BookId/BookId.ts
FN:7,(anonymous_0)
FN:13,(anonymous_1)
FN:23,(anonymous_2)
FN:29,(anonymous_3)
FN:35,(anonymous_4)
FN:39,(anonymous_5)
FN:43,(anonymous_6)
FNF:7
FNH:7
FNDA:10,(anonymous_0)
FNDA:10,(anonymous_1)
FNDA:8,(anonymous_2)
FNDA:6,(anonymous_3)
FNDA:2,(anonymous_4)
FNDA:2,(anonymous_5)
FNDA:2,(anonymous_6)
DA:1,1
DA:3,1
DA:5,1
DA:6,1
DA:8,10
DA:10,10
DA:14,10
DA:15,2
DA:18,8
DA:19,1
DA:26,8
DA:32,6
DA:36,2
DA:40,2
DA:45,2
DA:46,1
DA:47,1
DA:48,1
DA:49,1
DA:50,1
DA:53,1
DA:54,1
DA:55,1
DA:56,1
DA:57,1
DA:58,1
LF:26
LH:26
BRDA:14,0,0,2
BRDA:14,1,0,10
BRDA:14,1,1,9
BRDA:18,2,0,1
BRDA:18,3,0,8
BRDA:18,3,1,6
BRDA:32,4,0,6
BRDA:32,4,1,5
BRDA:45,5,0,1
BRDA:45,5,1,1
BRF:10
BRH:10
end_of_record
