TN:
SF:src/Domain/models/Book/BookId/BookId.ts
FN:8,(anonymous_0)
FN:12,(anonymous_1)
FN:22,(anonymous_2)
FN:28,(anonymous_3)
FN:34,(anonymous_4)
FN:38,(anonymous_5)
FNF:6
FNH:6
FNDA:10,(anonymous_0)
FNDA:10,(anonymous_1)
FNDA:8,(anonymous_2)
FNDA:6,(anonymous_3)
FNDA:2,(anonymous_4)
FNDA:2,(anonymous_5)
DA:1,1
DA:3,1
DA:5,1
DA:6,1
DA:9,10
DA:13,10
DA:14,2
DA:17,8
DA:18,1
DA:25,8
DA:31,6
DA:35,2
DA:40,2
DA:41,1
DA:42,1
DA:43,1
DA:44,1
DA:45,1
DA:48,1
DA:49,1
DA:50,1
DA:51,1
DA:52,1
DA:53,1
LF:24
LH:24
BRDA:13,0,0,2
BRDA:13,1,0,10
BRDA:13,1,1,9
BRDA:17,2,0,1
BRDA:17,3,0,8
BRDA:17,3,1,6
BRDA:31,4,0,6
BRDA:31,4,1,5
BRDA:40,5,0,1
BRDA:40,5,1,1
BRF:10
BRH:10
end_of_record
TN:
SF:src/Domain/models/Price/Price.ts
FN:12,(anonymous_0)
FN:16,(anonymous_1)
FN:26,(anonymous_2)
FN:30,(anonymous_3)
FNF:4
FNH:4
FNDA:3,(anonymous_0)
FNDA:3,(anonymous_1)
FNDA:1,(anonymous_2)
FNDA:1,(anonymous_3)
DA:1,1
DA:8,1
DA:9,1
DA:10,1
DA:13,3
DA:17,3
DA:18,0
DA:21,3
DA:22,2
DA:27,1
DA:31,1
LF:11
LH:10
BRDA:17,0,0,0
BRDA:21,1,0,2
BRDA:21,2,0,3
BRDA:21,2,1,2
BRF:4
BRH:3
end_of_record
TN:
SF:src/Domain/models/shared/ValueObject.ts
FN:7,(anonymous_0)
FN:14,(anonymous_1)
FN:18,(anonymous_2)
FNF:3
FNH:2
FNDA:13,(anonymous_0)
FNDA:0,(anonymous_1)
FNDA:2,(anonymous_2)
DA:1,2
DA:3,2
DA:8,13
DA:9,8
DA:15,0
DA:19,2
LF:6
LH:5
BRF:0
BRH:0
end_of_record
